Traceback (most recent call last):
  File "C:\Users\barguzin\Anaconda3\envs\geo_env\lib\site-packages\jupyter_cache\executors\utils.py", line 51, in single_nb_execution
    executenb(
  File "C:\Users\barguzin\Anaconda3\envs\geo_env\lib\site-packages\nbclient\client.py", line 1204, in execute
    return NotebookClient(nb=nb, resources=resources, km=km, **kwargs).execute()
  File "C:\Users\barguzin\Anaconda3\envs\geo_env\lib\site-packages\nbclient\util.py", line 84, in wrapped
    return just_run(coro(*args, **kwargs))
  File "C:\Users\barguzin\Anaconda3\envs\geo_env\lib\site-packages\nbclient\util.py", line 62, in just_run
    return loop.run_until_complete(coro)
  File "C:\Users\barguzin\Anaconda3\envs\geo_env\lib\asyncio\base_events.py", line 646, in run_until_complete
    return future.result()
  File "C:\Users\barguzin\Anaconda3\envs\geo_env\lib\site-packages\nbclient\client.py", line 663, in async_execute
    await self.async_execute_cell(
  File "C:\Users\barguzin\Anaconda3\envs\geo_env\lib\site-packages\nbclient\client.py", line 965, in async_execute_cell
    await self._check_raise_for_error(cell, cell_index, exec_reply)
  File "C:\Users\barguzin\Anaconda3\envs\geo_env\lib\site-packages\nbclient\client.py", line 862, in _check_raise_for_error
    raise CellExecutionError.from_cell_and_msg(cell, exec_reply_content)
nbclient.exceptions.CellExecutionError: An error occurred while executing the following cell:
------------------
import seaborn as sns 

# Plot histogram
ax = sns.histplot(fires["dur_days"], bins=5)
# Add rug on horizontal axis
sns.rugplot(fires["dur_days"], height=0.02, color="red", ax=ax);
------------------

[1;31m---------------------------------------------------------------------------[0m
[1;31mAttributeError[0m                            Traceback (most recent call last)
Cell [1;32mIn [20], line 4[0m
[0;32m      1[0m [38;5;28;01mimport[39;00m [38;5;21;01mseaborn[39;00m [38;5;28;01mas[39;00m [38;5;21;01msns[39;00m 
[0;32m      3[0m [38;5;66;03m# Plot histogram[39;00m
[1;32m----> 4[0m ax [38;5;241m=[39m sns[38;5;241m.[39mhistplot(fires[[38;5;124m"[39m[38;5;124mdur_days[39m[38;5;124m"[39m], bins[38;5;241m=[39m[38;5;241m5[39m)
[0;32m      5[0m [38;5;66;03m# Add rug on horizontal axis[39;00m
[0;32m      6[0m sns[38;5;241m.[39mrugplot(fires[[38;5;124m"[39m[38;5;124mdur_days[39m[38;5;124m"[39m], height[38;5;241m=[39m[38;5;241m0.02[39m, color[38;5;241m=[39m[38;5;124m"[39m[38;5;124mred[39m[38;5;124m"[39m, ax[38;5;241m=[39max)

[1;31mAttributeError[0m: module 'seaborn' has no attribute 'histplot'
AttributeError: module 'seaborn' has no attribute 'histplot'

