Traceback (most recent call last):
  File "C:\Users\barguzin\Anaconda3\envs\geo_env\lib\site-packages\jupyter_cache\executors\utils.py", line 51, in single_nb_execution
    executenb(
  File "C:\Users\barguzin\Anaconda3\envs\geo_env\lib\site-packages\nbclient\client.py", line 1204, in execute
    return NotebookClient(nb=nb, resources=resources, km=km, **kwargs).execute()
  File "C:\Users\barguzin\Anaconda3\envs\geo_env\lib\site-packages\nbclient\util.py", line 84, in wrapped
    return just_run(coro(*args, **kwargs))
  File "C:\Users\barguzin\Anaconda3\envs\geo_env\lib\site-packages\nbclient\util.py", line 62, in just_run
    return loop.run_until_complete(coro)
  File "C:\Users\barguzin\Anaconda3\envs\geo_env\lib\asyncio\base_events.py", line 646, in run_until_complete
    return future.result()
  File "C:\Users\barguzin\Anaconda3\envs\geo_env\lib\site-packages\nbclient\client.py", line 663, in async_execute
    await self.async_execute_cell(
  File "C:\Users\barguzin\Anaconda3\envs\geo_env\lib\site-packages\nbclient\client.py", line 965, in async_execute_cell
    await self._check_raise_for_error(cell, cell_index, exec_reply)
  File "C:\Users\barguzin\Anaconda3\envs\geo_env\lib\site-packages\nbclient\client.py", line 862, in _check_raise_for_error
    raise CellExecutionError.from_cell_and_msg(cell, exec_reply_content)
nbclient.exceptions.CellExecutionError: An error occurred while executing the following cell:
------------------
from libpysal.weights.contiguity import Queen
import splot
from esda.moran import Moran

y = guerry['Crm_prp'].values
w = Queen.from_dataframe(guerry)
w.transform = 'r'

moran = Moran(y, w)
moran.I
------------------

[1;31m---------------------------------------------------------------------------[0m
[1;31mModuleNotFoundError[0m                       Traceback (most recent call last)
Input [1;32mIn [2][0m, in [0;36m<cell line: 2>[1;34m()[0m
[0;32m      1[0m [38;5;28;01mfrom[39;00m [38;5;21;01mlibpysal[39;00m[38;5;21;01m.[39;00m[38;5;21;01mweights[39;00m[38;5;21;01m.[39;00m[38;5;21;01mcontiguity[39;00m [38;5;28;01mimport[39;00m Queen
[1;32m----> 2[0m [38;5;28;01mimport[39;00m [38;5;21;01msplot[39;00m
[0;32m      3[0m [38;5;28;01mfrom[39;00m [38;5;21;01mesda[39;00m[38;5;21;01m.[39;00m[38;5;21;01mmoran[39;00m [38;5;28;01mimport[39;00m Moran
[0;32m      5[0m y [38;5;241m=[39m guerry[[38;5;124m'[39m[38;5;124mCrm_prp[39m[38;5;124m'[39m][38;5;241m.[39mvalues

[1;31mModuleNotFoundError[0m: No module named 'splot'
ModuleNotFoundError: No module named 'splot'

