Traceback (most recent call last):
  File "C:\Users\barguzin\Anaconda3\envs\geo_env\lib\site-packages\jupyter_cache\executors\utils.py", line 51, in single_nb_execution
    executenb(
  File "C:\Users\barguzin\Anaconda3\envs\geo_env\lib\site-packages\nbclient\client.py", line 1204, in execute
    return NotebookClient(nb=nb, resources=resources, km=km, **kwargs).execute()
  File "C:\Users\barguzin\Anaconda3\envs\geo_env\lib\site-packages\nbclient\util.py", line 84, in wrapped
    return just_run(coro(*args, **kwargs))
  File "C:\Users\barguzin\Anaconda3\envs\geo_env\lib\site-packages\nbclient\util.py", line 62, in just_run
    return loop.run_until_complete(coro)
  File "C:\Users\barguzin\Anaconda3\envs\geo_env\lib\asyncio\base_events.py", line 646, in run_until_complete
    return future.result()
  File "C:\Users\barguzin\Anaconda3\envs\geo_env\lib\site-packages\nbclient\client.py", line 663, in async_execute
    await self.async_execute_cell(
  File "C:\Users\barguzin\Anaconda3\envs\geo_env\lib\site-packages\nbclient\client.py", line 965, in async_execute_cell
    await self._check_raise_for_error(cell, cell_index, exec_reply)
  File "C:\Users\barguzin\Anaconda3\envs\geo_env\lib\site-packages\nbclient\client.py", line 862, in _check_raise_for_error
    raise CellExecutionError.from_cell_and_msg(cell, exec_reply_content)
nbclient.exceptions.CellExecutionError: An error occurred while executing the following cell:
------------------
SS_resid = sum( (db.log_price - Y_pred)**2 )
SS_tot = sum( (db.log_price - np.mean(db.log_price))**2 )
print(f'Squared residuals: {SS_resid}')
print(f'total variation: {SS_tot}')
------------------

[1;31m---------------------------------------------------------------------------[0m
[1;31mNameError[0m                                 Traceback (most recent call last)
Input [1;32mIn [14][0m, in [0;36m<cell line: 2>[1;34m()[0m
[0;32m      1[0m SS_resid [38;5;241m=[39m [38;5;28msum[39m( (db[38;5;241m.[39mlog_price [38;5;241m-[39m Y_pred)[38;5;241m*[39m[38;5;241m*[39m[38;5;241m2[39m )
[1;32m----> 2[0m SS_tot [38;5;241m=[39m [38;5;28msum[39m( (db[38;5;241m.[39mlog_price [38;5;241m-[39m [43mnp[49m[38;5;241m.[39mmean(db[38;5;241m.[39mlog_price))[38;5;241m*[39m[38;5;241m*[39m[38;5;241m2[39m )
[0;32m      3[0m [38;5;28mprint[39m([38;5;124mf[39m[38;5;124m'[39m[38;5;124mSquared residuals: [39m[38;5;132;01m{[39;00mSS_resid[38;5;132;01m}[39;00m[38;5;124m'[39m)
[0;32m      4[0m [38;5;28mprint[39m([38;5;124mf[39m[38;5;124m'[39m[38;5;124mtotal variation: [39m[38;5;132;01m{[39;00mSS_tot[38;5;132;01m}[39;00m[38;5;124m'[39m)

[1;31mNameError[0m: name 'np' is not defined
NameError: name 'np' is not defined

